<?xml version="1.0" encoding="UTF-8"?>
<coverage generated="1747060341199" clover="3.2.0">
  <project timestamp="1747060341199" name="All files">
    <metrics statements="175" coveredstatements="137" conditionals="84" coveredconditionals="66" methods="25" coveredmethods="21" elements="284" coveredelements="224" complexity="0" loc="175" ncloc="175" packages="5" files="5" classes="5"/>
    <package name="project demo">
      <metrics statements="126" coveredstatements="88" conditionals="78" coveredconditionals="60" methods="19" coveredmethods="15"/>
      <file name="index.js" path="F:\nodejs projects\project demo\index.js">
        <metrics statements="126" coveredstatements="88" conditionals="78" coveredconditionals="60" methods="19" coveredmethods="15"/>
        <line num="1" count="3" type="stmt"/>
        <line num="2" count="3" type="stmt"/>
        <line num="3" count="3" type="stmt"/>
        <line num="4" count="3" type="stmt"/>
        <line num="5" count="3" type="stmt"/>
        <line num="6" count="3" type="stmt"/>
        <line num="7" count="3" type="stmt"/>
        <line num="8" count="3" type="stmt"/>
        <line num="9" count="3" type="stmt"/>
        <line num="10" count="3" type="stmt"/>
        <line num="11" count="3" type="stmt"/>
        <line num="12" count="3" type="stmt"/>
        <line num="15" count="3" type="stmt"/>
        <line num="43" count="3" type="stmt"/>
        <line num="44" count="23" type="stmt"/>
        <line num="45" count="23" type="stmt"/>
        <line num="46" count="23" type="stmt"/>
        <line num="47" count="23" type="stmt"/>
        <line num="48" count="23" type="stmt"/>
        <line num="51" count="3" type="stmt"/>
        <line num="52" count="3" type="stmt"/>
        <line num="53" count="3" type="stmt"/>
        <line num="54" count="3" type="stmt"/>
        <line num="57" count="3" type="stmt"/>
        <line num="66" count="3" type="stmt"/>
        <line num="71" count="3" type="stmt"/>
        <line num="72" count="3" type="cond" truecount="1" falsecount="1"/>
        <line num="73" count="0" type="stmt"/>
        <line num="76" count="3" type="cond" truecount="7" falsecount="1"/>
        <line num="78" count="0" type="stmt"/>
        <line num="80" count="3" type="stmt"/>
        <line num="88" count="3" type="cond" truecount="5" falsecount="0"/>
        <line num="89" count="2" type="stmt"/>
        <line num="91" count="1" type="stmt"/>
        <line num="101" count="3" type="cond" truecount="7" falsecount="1"/>
        <line num="104" count="0" type="stmt"/>
        <line num="106" count="3" type="stmt"/>
        <line num="116" count="3" type="cond" truecount="7" falsecount="1"/>
        <line num="119" count="0" type="stmt"/>
        <line num="121" count="3" type="stmt"/>
        <line num="127" count="3" type="cond" truecount="5" falsecount="1"/>
        <line num="128" count="0" type="stmt"/>
        <line num="130" count="3" type="stmt"/>
        <line num="136" count="3" type="cond" truecount="2" falsecount="2"/>
        <line num="137" count="0" type="stmt"/>
        <line num="139" count="3" type="stmt"/>
        <line num="144" count="3" type="stmt"/>
        <line num="146" count="8" type="cond" truecount="5" falsecount="0"/>
        <line num="147" count="1" type="stmt"/>
        <line num="150" count="7" type="stmt"/>
        <line num="152" count="7" type="stmt"/>
        <line num="161" count="0" type="stmt"/>
        <line num="168" count="0" type="stmt"/>
        <line num="175" count="3" type="stmt"/>
        <line num="176" count="23" type="stmt"/>
        <line num="177" count="23" type="stmt"/>
        <line num="178" count="39" type="cond" truecount="4" falsecount="0"/>
        <line num="179" count="1" type="stmt"/>
        <line num="182" count="22" type="stmt"/>
        <line num="186" count="3" type="stmt"/>
        <line num="187" count="22" type="stmt"/>
        <line num="188" count="22" type="stmt"/>
        <line num="189" count="38" type="cond" truecount="5" falsecount="1"/>
        <line num="193" count="0" type="stmt"/>
        <line num="196" count="22" type="stmt"/>
        <line num="200" count="3" type="stmt"/>
        <line num="201" count="3" type="stmt"/>
        <line num="203" count="3" type="stmt"/>
        <line num="205" count="3" type="stmt"/>
        <line num="206" count="1" type="stmt"/>
        <line num="209" count="3" type="stmt"/>
        <line num="210" count="1" type="stmt"/>
        <line num="213" count="3" type="stmt"/>
        <line num="214" count="1" type="stmt"/>
        <line num="215" count="1" type="cond" truecount="1" falsecount="1"/>
        <line num="217" count="0" type="stmt"/>
        <line num="218" count="0" type="cond" truecount="0" falsecount="2"/>
        <line num="219" count="0" type="stmt"/>
        <line num="220" count="0" type="stmt"/>
        <line num="224" count="3" type="stmt"/>
        <line num="225" count="0" type="stmt"/>
        <line num="228" count="3" type="stmt"/>
        <line num="229" count="4" type="stmt"/>
        <line num="232" count="4" type="cond" truecount="3" falsecount="1"/>
        <line num="233" count="0" type="stmt"/>
        <line num="236" count="4" type="stmt"/>
        <line num="237" count="4" type="stmt"/>
        <line num="239" count="4" type="cond" truecount="4" falsecount="0"/>
        <line num="240" count="1" type="stmt"/>
        <line num="243" count="3" type="stmt"/>
        <line num="244" count="3" type="stmt"/>
        <line num="246" count="3" type="cond" truecount="2" falsecount="0"/>
        <line num="247" count="1" type="stmt"/>
        <line num="250" count="2" type="stmt"/>
        <line num="251" count="2" type="cond" truecount="1" falsecount="1"/>
        <line num="252" count="2" type="stmt"/>
        <line num="255" count="0" type="stmt"/>
        <line num="261" count="0" type="stmt"/>
        <line num="266" count="0" type="stmt"/>
        <line num="268" count="0" type="stmt"/>
        <line num="272" count="3" type="stmt"/>
        <line num="273" count="3" type="stmt"/>
        <line num="274" count="3" type="cond" truecount="1" falsecount="1"/>
        <line num="275" count="3" type="stmt"/>
        <line num="278" count="0" type="stmt"/>
        <line num="279" count="0" type="stmt"/>
        <line num="282" count="0" type="cond" truecount="0" falsecount="2"/>
        <line num="283" count="0" type="stmt"/>
        <line num="287" count="0" type="stmt"/>
        <line num="288" count="0" type="cond" truecount="0" falsecount="2"/>
        <line num="289" count="0" type="stmt"/>
        <line num="293" count="0" type="stmt"/>
        <line num="294" count="0" type="stmt"/>
        <line num="295" count="0" type="stmt"/>
        <line num="298" count="0" type="stmt"/>
        <line num="299" count="0" type="stmt"/>
        <line num="301" count="0" type="stmt"/>
        <line num="304" count="0" type="stmt"/>
        <line num="311" count="0" type="stmt"/>
        <line num="316" count="0" type="stmt"/>
        <line num="318" count="0" type="stmt"/>
        <line num="323" count="3" type="stmt"/>
        <line num="324" count="0" type="stmt"/>
        <line num="325" count="0" type="stmt"/>
        <line num="328" count="3" type="stmt"/>
        <line num="329" count="3" type="stmt"/>
      </file>
    </package>
    <package name="project demo.controllers">
      <metrics statements="31" coveredstatements="31" conditionals="2" coveredconditionals="2" methods="5" coveredmethods="5"/>
      <file name="user.controller.js" path="F:\nodejs projects\project demo\controllers\user.controller.js">
        <metrics statements="31" coveredstatements="31" conditionals="2" coveredconditionals="2" methods="5" coveredmethods="5"/>
        <line num="1" count="3" type="stmt"/>
        <line num="3" count="3" type="stmt"/>
        <line num="4" count="2" type="stmt"/>
        <line num="5" count="2" type="stmt"/>
        <line num="6" count="1" type="stmt"/>
        <line num="8" count="1" type="stmt"/>
        <line num="12" count="3" type="stmt"/>
        <line num="13" count="4" type="stmt"/>
        <line num="15" count="4" type="stmt"/>
        <line num="16" count="3" type="cond" truecount="2" falsecount="0"/>
        <line num="17" count="2" type="stmt"/>
        <line num="19" count="1" type="stmt"/>
        <line num="20" count="1" type="stmt"/>
        <line num="22" count="1" type="stmt"/>
        <line num="26" count="3" type="stmt"/>
        <line num="27" count="2" type="stmt"/>
        <line num="28" count="2" type="stmt"/>
        <line num="29" count="1" type="stmt"/>
        <line num="30" count="1" type="stmt"/>
        <line num="32" count="1" type="stmt"/>
        <line num="37" count="3" type="stmt"/>
        <line num="38" count="2" type="stmt"/>
        <line num="39" count="2" type="stmt"/>
        <line num="42" count="1" type="stmt"/>
        <line num="44" count="1" type="stmt"/>
        <line num="49" count="3" type="stmt"/>
        <line num="50" count="2" type="stmt"/>
        <line num="51" count="2" type="stmt"/>
        <line num="52" count="1" type="stmt"/>
        <line num="54" count="1" type="stmt"/>
        <line num="58" count="3" type="stmt"/>
      </file>
    </package>
    <package name="project demo.models">
      <metrics statements="4" coveredstatements="4" conditionals="0" coveredconditionals="0" methods="0" coveredmethods="0"/>
      <file name="user.model.js" path="F:\nodejs projects\project demo\models\user.model.js">
        <metrics statements="4" coveredstatements="4" conditionals="0" coveredconditionals="0" methods="0" coveredmethods="0"/>
        <line num="1" count="3" type="stmt"/>
        <line num="3" count="3" type="stmt"/>
        <line num="6" count="3" type="stmt"/>
        <line num="38" count="3" type="stmt"/>
      </file>
    </package>
    <package name="project demo.public">
      <metrics statements="5" coveredstatements="5" conditionals="4" coveredconditionals="4" methods="1" coveredmethods="1"/>
      <file name="analyzer.js" path="F:\nodejs projects\project demo\public\analyzer.js">
        <metrics statements="5" coveredstatements="5" conditionals="4" coveredconditionals="4" methods="1" coveredmethods="1"/>
        <line num="2" count="12" type="cond" truecount="2" falsecount="0"/>
        <line num="4" count="11" type="stmt"/>
        <line num="5" count="11" type="stmt"/>
        <line num="7" count="11" type="stmt"/>
        <line num="15" count="1" type="stmt"/>
      </file>
    </package>
    <package name="project demo.routes">
      <metrics statements="9" coveredstatements="9" conditionals="0" coveredconditionals="0" methods="0" coveredmethods="0"/>
      <file name="user.route.js" path="F:\nodejs projects\project demo\routes\user.route.js">
        <metrics statements="9" coveredstatements="9" conditionals="0" coveredconditionals="0" methods="0" coveredmethods="0"/>
        <line num="1" count="3" type="stmt"/>
        <line num="2" count="3" type="stmt"/>
        <line num="9" count="3" type="stmt"/>
        <line num="11" count="3" type="stmt"/>
        <line num="12" count="3" type="stmt"/>
        <line num="13" count="3" type="stmt"/>
        <line num="14" count="3" type="stmt"/>
        <line num="15" count="3" type="stmt"/>
        <line num="17" count="3" type="stmt"/>
      </file>
    </package>
  </project>
</coverage>
