{"F:\\nodejs projects\\project demo\\index.js": {"path":"F:\\nodejs projects\\project demo\\index.js","statementMap":{"0":{"start":{"line":1,"column":16},"end":{"line":1,"column":34}},"1":{"start":{"line":2,"column":12},"end":{"line":2,"column":21}},"2":{"start":{"line":3,"column":15},"end":{"line":3,"column":31}},"3":{"start":{"line":4,"column":13},"end":{"line":4,"column":28}},"4":{"start":{"line":5,"column":19},"end":{"line":5,"column":49}},"5":{"start":{"line":6,"column":18},"end":{"line":6,"column":48}},"6":{"start":{"line":7,"column":15},"end":{"line":7,"column":32}},"7":{"start":{"line":8,"column":18},"end":{"line":8,"column":47}},"8":{"start":{"line":9,"column":35},"end":{"line":9,"column":63}},"9":{"start":{"line":10,"column":15},"end":{"line":10,"column":32}},"10":{"start":{"line":11,"column":12},"end":{"line":11,"column":35}},"11":{"start":{"line":12,"column":21},"end":{"line":12,"column":45}},"12":{"start":{"line":15,"column":0},"end":{"line":40,"column":3}},"13":{"start":{"line":43,"column":0},"end":{"line":49,"column":2}},"14":{"start":{"line":44,"column":4},"end":{"line":44,"column":54}},"15":{"start":{"line":45,"column":4},"end":{"line":45,"column":44}},"16":{"start":{"line":46,"column":4},"end":{"line":46,"column":54}},"17":{"start":{"line":47,"column":4},"end":{"line":47,"column":94}},"18":{"start":{"line":48,"column":4},"end":{"line":48,"column":10}},"19":{"start":{"line":51,"column":0},"end":{"line":51,"column":40}},"20":{"start":{"line":52,"column":0},"end":{"line":52,"column":62}},"21":{"start":{"line":53,"column":0},"end":{"line":53,"column":23}},"22":{"start":{"line":54,"column":0},"end":{"line":54,"column":55}},"23":{"start":{"line":57,"column":21},"end":{"line":63,"column":2}},"24":{"start":{"line":66,"column":21},"end":{"line":141,"column":1}},"25":{"start":{"line":71,"column":31},"end":{"line":71,"column":59}},"26":{"start":{"line":72,"column":12},"end":{"line":74,"column":13}},"27":{"start":{"line":73,"column":16},"end":{"line":73,"column":56}},"28":{"start":{"line":76,"column":12},"end":{"line":79,"column":13}},"29":{"start":{"line":78,"column":16},"end":{"line":78,"column":56}},"30":{"start":{"line":80,"column":12},"end":{"line":80,"column":24}},"31":{"start":{"line":88,"column":12},"end":{"line":90,"column":13}},"32":{"start":{"line":89,"column":16},"end":{"line":89,"column":58}},"33":{"start":{"line":91,"column":12},"end":{"line":91,"column":24}},"34":{"start":{"line":101,"column":12},"end":{"line":105,"column":13}},"35":{"start":{"line":104,"column":16},"end":{"line":104,"column":68}},"36":{"start":{"line":106,"column":12},"end":{"line":106,"column":24}},"37":{"start":{"line":116,"column":12},"end":{"line":120,"column":13}},"38":{"start":{"line":119,"column":16},"end":{"line":119,"column":67}},"39":{"start":{"line":121,"column":12},"end":{"line":121,"column":24}},"40":{"start":{"line":127,"column":12},"end":{"line":129,"column":13}},"41":{"start":{"line":128,"column":16},"end":{"line":128,"column":73}},"42":{"start":{"line":130,"column":12},"end":{"line":130,"column":24}},"43":{"start":{"line":136,"column":12},"end":{"line":138,"column":13}},"44":{"start":{"line":137,"column":16},"end":{"line":137,"column":56}},"45":{"start":{"line":139,"column":12},"end":{"line":139,"column":24}},"46":{"start":{"line":144,"column":22},"end":{"line":172,"column":1}},"47":{"start":{"line":146,"column":4},"end":{"line":148,"column":5}},"48":{"start":{"line":147,"column":8},"end":{"line":147,"column":20}},"49":{"start":{"line":150,"column":4},"end":{"line":150,"column":26}},"50":{"start":{"line":152,"column":4},"end":{"line":171,"column":16}},"51":{"start":{"line":161,"column":27},"end":{"line":167,"column":13}},"52":{"start":{"line":168,"column":12},"end":{"line":168,"column":33}},"53":{"start":{"line":175,"column":28},"end":{"line":183,"column":1}},"54":{"start":{"line":176,"column":17},"end":{"line":176,"column":25}},"55":{"start":{"line":177,"column":4},"end":{"line":181,"column":5}},"56":{"start":{"line":178,"column":8},"end":{"line":180,"column":9}},"57":{"start":{"line":179,"column":12},"end":{"line":179,"column":77}},"58":{"start":{"line":182,"column":4},"end":{"line":182,"column":11}},"59":{"start":{"line":186,"column":17},"end":{"line":197,"column":1}},"60":{"start":{"line":187,"column":17},"end":{"line":187,"column":25}},"61":{"start":{"line":188,"column":4},"end":{"line":195,"column":5}},"62":{"start":{"line":189,"column":8},"end":{"line":194,"column":9}},"63":{"start":{"line":193,"column":12},"end":{"line":193,"column":79}},"64":{"start":{"line":196,"column":4},"end":{"line":196,"column":11}},"65":{"start":{"line":200,"column":0},"end":{"line":200,"column":29}},"66":{"start":{"line":201,"column":0},"end":{"line":201,"column":18}},"67":{"start":{"line":203,"column":0},"end":{"line":203,"column":33}},"68":{"start":{"line":205,"column":0},"end":{"line":207,"column":2}},"69":{"start":{"line":206,"column":4},"end":{"line":206,"column":63}},"70":{"start":{"line":209,"column":0},"end":{"line":211,"column":2}},"71":{"start":{"line":210,"column":4},"end":{"line":210,"column":63}},"72":{"start":{"line":213,"column":26},"end":{"line":222,"column":1}},"73":{"start":{"line":214,"column":18},"end":{"line":214,"column":35}},"74":{"start":{"line":215,"column":4},"end":{"line":215,"column":73}},"75":{"start":{"line":215,"column":16},"end":{"line":215,"column":73}},"76":{"start":{"line":217,"column":4},"end":{"line":221,"column":6}},"77":{"start":{"line":218,"column":8},"end":{"line":218,"column":74}},"78":{"start":{"line":218,"column":17},"end":{"line":218,"column":74}},"79":{"start":{"line":219,"column":8},"end":{"line":219,"column":23}},"80":{"start":{"line":220,"column":8},"end":{"line":220,"column":14}},"81":{"start":{"line":224,"column":0},"end":{"line":226,"column":2}},"82":{"start":{"line":225,"column":4},"end":{"line":225,"column":61}},"83":{"start":{"line":228,"column":0},"end":{"line":270,"column":2}},"84":{"start":{"line":229,"column":32},"end":{"line":229,"column":40}},"85":{"start":{"line":232,"column":4},"end":{"line":234,"column":5}},"86":{"start":{"line":233,"column":8},"end":{"line":233,"column":73}},"87":{"start":{"line":236,"column":27},"end":{"line":236,"column":47}},"88":{"start":{"line":237,"column":30},"end":{"line":237,"column":53}},"89":{"start":{"line":239,"column":4},"end":{"line":241,"column":5}},"90":{"start":{"line":240,"column":8},"end":{"line":240,"column":65}},"91":{"start":{"line":243,"column":4},"end":{"line":269,"column":5}},"92":{"start":{"line":244,"column":21},"end":{"line":244,"column":71}},"93":{"start":{"line":246,"column":8},"end":{"line":248,"column":9}},"94":{"start":{"line":247,"column":12},"end":{"line":247,"column":70}},"95":{"start":{"line":250,"column":30},"end":{"line":250,"column":84}},"96":{"start":{"line":251,"column":8},"end":{"line":253,"column":9}},"97":{"start":{"line":252,"column":12},"end":{"line":252,"column":74}},"98":{"start":{"line":255,"column":22},"end":{"line":259,"column":9}},"99":{"start":{"line":261,"column":8},"end":{"line":264,"column":10}},"100":{"start":{"line":266,"column":8},"end":{"line":266,"column":36}},"101":{"start":{"line":268,"column":8},"end":{"line":268,"column":77}},"102":{"start":{"line":272,"column":0},"end":{"line":320,"column":2}},"103":{"start":{"line":273,"column":19},"end":{"line":273,"column":40}},"104":{"start":{"line":274,"column":4},"end":{"line":276,"column":5}},"105":{"start":{"line":275,"column":8},"end":{"line":275,"column":63}},"106":{"start":{"line":278,"column":4},"end":{"line":319,"column":5}},"107":{"start":{"line":279,"column":21},"end":{"line":279,"column":29}},"108":{"start":{"line":282,"column":8},"end":{"line":284,"column":9}},"109":{"start":{"line":283,"column":12},"end":{"line":283,"column":94}},"110":{"start":{"line":287,"column":29},"end":{"line":287,"column":75}},"111":{"start":{"line":288,"column":8},"end":{"line":290,"column":9}},"112":{"start":{"line":289,"column":12},"end":{"line":289,"column":80}},"113":{"start":{"line":293,"column":8},"end":{"line":293,"column":56}},"114":{"start":{"line":294,"column":8},"end":{"line":294,"column":54}},"115":{"start":{"line":295,"column":8},"end":{"line":295,"column":46}},"116":{"start":{"line":298,"column":21},"end":{"line":298,"column":45}},"117":{"start":{"line":299,"column":8},"end":{"line":299,"column":62}},"118":{"start":{"line":301,"column":8},"end":{"line":301,"column":36}},"119":{"start":{"line":304,"column":22},"end":{"line":308,"column":9}},"120":{"start":{"line":311,"column":8},"end":{"line":314,"column":10}},"121":{"start":{"line":316,"column":8},"end":{"line":316,"column":36}},"122":{"start":{"line":318,"column":8},"end":{"line":318,"column":77}},"123":{"start":{"line":323,"column":0},"end":{"line":326,"column":3}},"124":{"start":{"line":324,"column":4},"end":{"line":324,"column":29}},"125":{"start":{"line":325,"column":4},"end":{"line":325,"column":58}},"126":{"start":{"line":328,"column":0},"end":{"line":328,"column":15}},"127":{"start":{"line":329,"column":0},"end":{"line":329,"column":20}}},"fnMap":{"0":{"name":"(anonymous_0)","decl":{"start":{"line":43,"column":8},"end":{"line":43,"column":9}},"loc":{"start":{"line":43,"column":28},"end":{"line":49,"column":1}},"line":43},"1":{"name":"(anonymous_1)","decl":{"start":{"line":70,"column":16},"end":{"line":70,"column":17}},"loc":{"start":{"line":70,"column":33},"end":{"line":81,"column":9}},"line":70},"2":{"name":"(anonymous_2)","decl":{"start":{"line":87,"column":16},"end":{"line":87,"column":17}},"loc":{"start":{"line":87,"column":27},"end":{"line":92,"column":9}},"line":87},"3":{"name":"(anonymous_3)","decl":{"start":{"line":100,"column":16},"end":{"line":100,"column":17}},"loc":{"start":{"line":100,"column":27},"end":{"line":107,"column":9}},"line":100},"4":{"name":"(anonymous_4)","decl":{"start":{"line":115,"column":16},"end":{"line":115,"column":17}},"loc":{"start":{"line":115,"column":27},"end":{"line":122,"column":9}},"line":115},"5":{"name":"(anonymous_5)","decl":{"start":{"line":126,"column":16},"end":{"line":126,"column":17}},"loc":{"start":{"line":126,"column":27},"end":{"line":131,"column":9}},"line":126},"6":{"name":"(anonymous_6)","decl":{"start":{"line":135,"column":16},"end":{"line":135,"column":17}},"loc":{"start":{"line":135,"column":27},"end":{"line":140,"column":9}},"line":135},"7":{"name":"(anonymous_7)","decl":{"start":{"line":144,"column":22},"end":{"line":144,"column":23}},"loc":{"start":{"line":144,"column":33},"end":{"line":172,"column":1}},"line":144},"8":{"name":"(anonymous_8)","decl":{"start":{"line":160,"column":29},"end":{"line":160,"column":30}},"loc":{"start":{"line":160,"column":40},"end":{"line":169,"column":9}},"line":160},"9":{"name":"(anonymous_9)","decl":{"start":{"line":175,"column":28},"end":{"line":175,"column":29}},"loc":{"start":{"line":175,"column":48},"end":{"line":183,"column":1}},"line":175},"10":{"name":"(anonymous_10)","decl":{"start":{"line":186,"column":17},"end":{"line":186,"column":18}},"loc":{"start":{"line":186,"column":37},"end":{"line":197,"column":1}},"line":186},"11":{"name":"(anonymous_11)","decl":{"start":{"line":205,"column":13},"end":{"line":205,"column":14}},"loc":{"start":{"line":205,"column":27},"end":{"line":207,"column":1}},"line":205},"12":{"name":"(anonymous_12)","decl":{"start":{"line":209,"column":17},"end":{"line":209,"column":18}},"loc":{"start":{"line":209,"column":31},"end":{"line":211,"column":1}},"line":209},"13":{"name":"(anonymous_13)","decl":{"start":{"line":213,"column":26},"end":{"line":213,"column":27}},"loc":{"start":{"line":213,"column":46},"end":{"line":222,"column":1}},"line":213},"14":{"name":"(anonymous_14)","decl":{"start":{"line":217,"column":46},"end":{"line":217,"column":47}},"loc":{"start":{"line":217,"column":61},"end":{"line":221,"column":5}},"line":217},"15":{"name":"(anonymous_15)","decl":{"start":{"line":224,"column":36},"end":{"line":224,"column":37}},"loc":{"start":{"line":224,"column":50},"end":{"line":226,"column":1}},"line":224},"16":{"name":"(anonymous_16)","decl":{"start":{"line":228,"column":38},"end":{"line":228,"column":39}},"loc":{"start":{"line":228,"column":58},"end":{"line":270,"column":1}},"line":228},"17":{"name":"(anonymous_17)","decl":{"start":{"line":272,"column":42},"end":{"line":272,"column":43}},"loc":{"start":{"line":272,"column":62},"end":{"line":320,"column":1}},"line":272},"18":{"name":"(anonymous_18)","decl":{"start":{"line":323,"column":8},"end":{"line":323,"column":9}},"loc":{"start":{"line":323,"column":33},"end":{"line":326,"column":1}},"line":323}},"branchMap":{"0":{"loc":{"start":{"line":72,"column":12},"end":{"line":74,"column":13}},"type":"if","locations":[{"start":{"line":72,"column":12},"end":{"line":74,"column":13}},{"start":{},"end":{}}],"line":72},"1":{"loc":{"start":{"line":76,"column":12},"end":{"line":79,"column":13}},"type":"if","locations":[{"start":{"line":76,"column":12},"end":{"line":79,"column":13}},{"start":{},"end":{}}],"line":76},"2":{"loc":{"start":{"line":76,"column":16},"end":{"line":77,"column":93}},"type":"binary-expr","locations":[{"start":{"line":76,"column":16},"end":{"line":76,"column":35}},{"start":{"line":76,"column":39},"end":{"line":76,"column":59}},{"start":{"line":76,"column":63},"end":{"line":76,"column":83}},{"start":{"line":77,"column":16},"end":{"line":77,"column":39}},{"start":{"line":77,"column":43},"end":{"line":77,"column":67}},{"start":{"line":77,"column":71},"end":{"line":77,"column":93}}],"line":76},"3":{"loc":{"start":{"line":88,"column":12},"end":{"line":90,"column":13}},"type":"if","locations":[{"start":{"line":88,"column":12},"end":{"line":90,"column":13}},{"start":{},"end":{}}],"line":88},"4":{"loc":{"start":{"line":88,"column":16},"end":{"line":88,"column":98}},"type":"binary-expr","locations":[{"start":{"line":88,"column":16},"end":{"line":88,"column":42}},{"start":{"line":88,"column":46},"end":{"line":88,"column":70}},{"start":{"line":88,"column":74},"end":{"line":88,"column":98}}],"line":88},"5":{"loc":{"start":{"line":101,"column":12},"end":{"line":105,"column":13}},"type":"if","locations":[{"start":{"line":101,"column":12},"end":{"line":105,"column":13}},{"start":{},"end":{}}],"line":101},"6":{"loc":{"start":{"line":101,"column":16},"end":{"line":103,"column":76}},"type":"binary-expr","locations":[{"start":{"line":101,"column":16},"end":{"line":101,"column":42}},{"start":{"line":101,"column":46},"end":{"line":101,"column":75}},{"start":{"line":102,"column":16},"end":{"line":102,"column":42}},{"start":{"line":102,"column":46},"end":{"line":102,"column":71}},{"start":{"line":103,"column":16},"end":{"line":103,"column":42}},{"start":{"line":103,"column":46},"end":{"line":103,"column":76}}],"line":101},"7":{"loc":{"start":{"line":116,"column":12},"end":{"line":120,"column":13}},"type":"if","locations":[{"start":{"line":116,"column":12},"end":{"line":120,"column":13}},{"start":{},"end":{}}],"line":116},"8":{"loc":{"start":{"line":116,"column":16},"end":{"line":118,"column":76}},"type":"binary-expr","locations":[{"start":{"line":116,"column":16},"end":{"line":116,"column":42}},{"start":{"line":116,"column":46},"end":{"line":116,"column":75}},{"start":{"line":117,"column":16},"end":{"line":117,"column":42}},{"start":{"line":117,"column":46},"end":{"line":117,"column":71}},{"start":{"line":118,"column":16},"end":{"line":118,"column":42}},{"start":{"line":118,"column":46},"end":{"line":118,"column":76}}],"line":116},"9":{"loc":{"start":{"line":127,"column":12},"end":{"line":129,"column":13}},"type":"if","locations":[{"start":{"line":127,"column":12},"end":{"line":129,"column":13}},{"start":{},"end":{}}],"line":127},"10":{"loc":{"start":{"line":127,"column":16},"end":{"line":127,"column":104}},"type":"binary-expr","locations":[{"start":{"line":127,"column":16},"end":{"line":127,"column":35}},{"start":{"line":127,"column":39},"end":{"line":127,"column":58}},{"start":{"line":127,"column":62},"end":{"line":127,"column":81}},{"start":{"line":127,"column":85},"end":{"line":127,"column":104}}],"line":127},"11":{"loc":{"start":{"line":136,"column":12},"end":{"line":138,"column":13}},"type":"if","locations":[{"start":{"line":136,"column":12},"end":{"line":138,"column":13}},{"start":{},"end":{}}],"line":136},"12":{"loc":{"start":{"line":136,"column":16},"end":{"line":136,"column":54}},"type":"binary-expr","locations":[{"start":{"line":136,"column":16},"end":{"line":136,"column":32}},{"start":{"line":136,"column":36},"end":{"line":136,"column":54}}],"line":136},"13":{"loc":{"start":{"line":146,"column":4},"end":{"line":148,"column":5}},"type":"if","locations":[{"start":{"line":146,"column":4},"end":{"line":148,"column":5}},{"start":{},"end":{}}],"line":146},"14":{"loc":{"start":{"line":146,"column":8},"end":{"line":146,"column":74}},"type":"binary-expr","locations":[{"start":{"line":146,"column":8},"end":{"line":146,"column":33}},{"start":{"line":146,"column":37},"end":{"line":146,"column":51}},{"start":{"line":146,"column":55},"end":{"line":146,"column":74}}],"line":146},"15":{"loc":{"start":{"line":178,"column":8},"end":{"line":180,"column":9}},"type":"if","locations":[{"start":{"line":178,"column":8},"end":{"line":180,"column":9}},{"start":{},"end":{}}],"line":178},"16":{"loc":{"start":{"line":178,"column":12},"end":{"line":178,"column":63}},"type":"binary-expr","locations":[{"start":{"line":178,"column":12},"end":{"line":178,"column":41}},{"start":{"line":178,"column":45},"end":{"line":178,"column":63}}],"line":178},"17":{"loc":{"start":{"line":189,"column":8},"end":{"line":194,"column":9}},"type":"if","locations":[{"start":{"line":189,"column":8},"end":{"line":194,"column":9}},{"start":{},"end":{}}],"line":189},"18":{"loc":{"start":{"line":189,"column":12},"end":{"line":192,"column":44}},"type":"binary-expr","locations":[{"start":{"line":189,"column":12},"end":{"line":189,"column":41}},{"start":{"line":190,"column":13},"end":{"line":190,"column":43}},{"start":{"line":191,"column":13},"end":{"line":191,"column":46}},{"start":{"line":192,"column":13},"end":{"line":192,"column":43}}],"line":189},"19":{"loc":{"start":{"line":215,"column":4},"end":{"line":215,"column":73}},"type":"if","locations":[{"start":{"line":215,"column":4},"end":{"line":215,"column":73}},{"start":{},"end":{}}],"line":215},"20":{"loc":{"start":{"line":218,"column":8},"end":{"line":218,"column":74}},"type":"if","locations":[{"start":{"line":218,"column":8},"end":{"line":218,"column":74}},{"start":{},"end":{}}],"line":218},"21":{"loc":{"start":{"line":232,"column":4},"end":{"line":234,"column":5}},"type":"if","locations":[{"start":{"line":232,"column":4},"end":{"line":234,"column":5}},{"start":{},"end":{}}],"line":232},"22":{"loc":{"start":{"line":232,"column":8},"end":{"line":232,"column":65}},"type":"binary-expr","locations":[{"start":{"line":232,"column":8},"end":{"line":232,"column":33}},{"start":{"line":232,"column":37},"end":{"line":232,"column":65}}],"line":232},"23":{"loc":{"start":{"line":239,"column":4},"end":{"line":241,"column":5}},"type":"if","locations":[{"start":{"line":239,"column":4},"end":{"line":241,"column":5}},{"start":{},"end":{}}],"line":239},"24":{"loc":{"start":{"line":239,"column":8},"end":{"line":239,"column":45}},"type":"binary-expr","locations":[{"start":{"line":239,"column":8},"end":{"line":239,"column":23}},{"start":{"line":239,"column":27},"end":{"line":239,"column":45}}],"line":239},"25":{"loc":{"start":{"line":246,"column":8},"end":{"line":248,"column":9}},"type":"if","locations":[{"start":{"line":246,"column":8},"end":{"line":248,"column":9}},{"start":{},"end":{}}],"line":246},"26":{"loc":{"start":{"line":251,"column":8},"end":{"line":253,"column":9}},"type":"if","locations":[{"start":{"line":251,"column":8},"end":{"line":253,"column":9}},{"start":{},"end":{}}],"line":251},"27":{"loc":{"start":{"line":274,"column":4},"end":{"line":276,"column":5}},"type":"if","locations":[{"start":{"line":274,"column":4},"end":{"line":276,"column":5}},{"start":{},"end":{}}],"line":274},"28":{"loc":{"start":{"line":282,"column":8},"end":{"line":284,"column":9}},"type":"if","locations":[{"start":{"line":282,"column":8},"end":{"line":284,"column":9}},{"start":{},"end":{}}],"line":282},"29":{"loc":{"start":{"line":288,"column":8},"end":{"line":290,"column":9}},"type":"if","locations":[{"start":{"line":288,"column":8},"end":{"line":290,"column":9}},{"start":{},"end":{}}],"line":288}},"s":{"0":3,"1":3,"2":3,"3":3,"4":3,"5":3,"6":3,"7":3,"8":3,"9":3,"10":3,"11":3,"12":3,"13":3,"14":23,"15":23,"16":23,"17":23,"18":23,"19":3,"20":3,"21":3,"22":3,"23":3,"24":3,"25":3,"26":3,"27":0,"28":3,"29":0,"30":3,"31":3,"32":2,"33":1,"34":3,"35":0,"36":3,"37":3,"38":0,"39":3,"40":3,"41":0,"42":3,"43":3,"44":0,"45":3,"46":3,"47":8,"48":1,"49":7,"50":7,"51":0,"52":0,"53":3,"54":23,"55":23,"56":39,"57":1,"58":22,"59":3,"60":22,"61":22,"62":38,"63":0,"64":22,"65":3,"66":3,"67":3,"68":3,"69":1,"70":3,"71":1,"72":3,"73":1,"74":1,"75":1,"76":0,"77":0,"78":0,"79":0,"80":0,"81":3,"82":0,"83":3,"84":4,"85":4,"86":0,"87":4,"88":4,"89":4,"90":1,"91":3,"92":3,"93":3,"94":1,"95":2,"96":2,"97":2,"98":0,"99":0,"100":0,"101":0,"102":3,"103":3,"104":3,"105":3,"106":0,"107":0,"108":0,"109":0,"110":0,"111":0,"112":0,"113":0,"114":0,"115":0,"116":0,"117":0,"118":0,"119":0,"120":0,"121":0,"122":0,"123":3,"124":0,"125":0,"126":3,"127":3},"f":{"0":23,"1":3,"2":3,"3":3,"4":3,"5":3,"6":3,"7":8,"8":0,"9":23,"10":22,"11":1,"12":1,"13":1,"14":0,"15":0,"16":4,"17":3,"18":0},"b":{"0":[0,3],"1":[0,3],"2":[3,3,3,3,3,3],"3":[2,1],"4":[3,1,1],"5":[0,3],"6":[3,3,3,3,3,3],"7":[0,3],"8":[3,3,3,3,3,3],"9":[0,3],"10":[3,3,3,3],"11":[0,3],"12":[3,0],"13":[1,7],"14":[8,8,8],"15":[1,38],"16":[39,1],"17":[0,38],"18":[38,38,38,38],"19":[1,0],"20":[0,0],"21":[0,4],"22":[4,4],"23":[1,3],"24":[4,3],"25":[1,2],"26":[2,0],"27":[3,0],"28":[0,0],"29":[0,0]},"_coverageSchema":"1a1c01bbd47fc00a2c39e90264f33305004495a9","hash":"26a4095cb3b8a3a291ff9afce336d98168bd7b14"}
,"F:\\nodejs projects\\project demo\\controllers\\user.controller.js": {"path":"F:\\nodejs projects\\project demo\\controllers\\user.controller.js","statementMap":{"0":{"start":{"line":1,"column":13},"end":{"line":1,"column":44}},"1":{"start":{"line":3,"column":17},"end":{"line":10,"column":1}},"2":{"start":{"line":4,"column":2},"end":{"line":9,"column":3}},"3":{"start":{"line":5,"column":18},"end":{"line":5,"column":35}},"4":{"start":{"line":6,"column":4},"end":{"line":6,"column":32}},"5":{"start":{"line":8,"column":4},"end":{"line":8,"column":32}},"6":{"start":{"line":12,"column":16},"end":{"line":24,"column":1}},"7":{"start":{"line":13,"column":2},"end":{"line":23,"column":3}},"8":{"start":{"line":15,"column":17},"end":{"line":15,"column":51}},"9":{"start":{"line":16,"column":4},"end":{"line":18,"column":5}},"10":{"start":{"line":17,"column":8},"end":{"line":17,"column":66}},"11":{"start":{"line":19,"column":4},"end":{"line":19,"column":31}},"12":{"start":{"line":20,"column":4},"end":{"line":20,"column":16}},"13":{"start":{"line":22,"column":4},"end":{"line":22,"column":32}},"14":{"start":{"line":26,"column":19},"end":{"line":34,"column":1}},"15":{"start":{"line":27,"column":2},"end":{"line":33,"column":3}},"16":{"start":{"line":28,"column":17},"end":{"line":28,"column":44}},"17":{"start":{"line":29,"column":4},"end":{"line":29,"column":31}},"18":{"start":{"line":30,"column":4},"end":{"line":30,"column":16}},"19":{"start":{"line":32,"column":4},"end":{"line":32,"column":32}},"20":{"start":{"line":37,"column":19},"end":{"line":46,"column":1}},"21":{"start":{"line":38,"column":2},"end":{"line":45,"column":3}},"22":{"start":{"line":39,"column":17},"end":{"line":41,"column":6}},"23":{"start":{"line":42,"column":4},"end":{"line":42,"column":31}},"24":{"start":{"line":44,"column":4},"end":{"line":44,"column":32}},"25":{"start":{"line":49,"column":19},"end":{"line":56,"column":1}},"26":{"start":{"line":50,"column":2},"end":{"line":55,"column":3}},"27":{"start":{"line":51,"column":17},"end":{"line":51,"column":60}},"28":{"start":{"line":52,"column":4},"end":{"line":52,"column":31}},"29":{"start":{"line":54,"column":4},"end":{"line":54,"column":32}},"30":{"start":{"line":58,"column":0},"end":{"line":64,"column":2}}},"fnMap":{"0":{"name":"(anonymous_0)","decl":{"start":{"line":3,"column":17},"end":{"line":3,"column":18}},"loc":{"start":{"line":3,"column":37},"end":{"line":10,"column":1}},"line":3},"1":{"name":"(anonymous_1)","decl":{"start":{"line":12,"column":16},"end":{"line":12,"column":17}},"loc":{"start":{"line":12,"column":36},"end":{"line":24,"column":1}},"line":12},"2":{"name":"(anonymous_2)","decl":{"start":{"line":26,"column":19},"end":{"line":26,"column":20}},"loc":{"start":{"line":26,"column":39},"end":{"line":34,"column":1}},"line":26},"3":{"name":"(anonymous_3)","decl":{"start":{"line":37,"column":19},"end":{"line":37,"column":20}},"loc":{"start":{"line":37,"column":39},"end":{"line":46,"column":1}},"line":37},"4":{"name":"(anonymous_4)","decl":{"start":{"line":49,"column":19},"end":{"line":49,"column":20}},"loc":{"start":{"line":49,"column":39},"end":{"line":56,"column":1}},"line":49}},"branchMap":{"0":{"loc":{"start":{"line":16,"column":4},"end":{"line":18,"column":5}},"type":"if","locations":[{"start":{"line":16,"column":4},"end":{"line":18,"column":5}},{"start":{},"end":{}}],"line":16}},"s":{"0":3,"1":3,"2":2,"3":2,"4":1,"5":1,"6":3,"7":4,"8":4,"9":3,"10":2,"11":1,"12":1,"13":1,"14":3,"15":2,"16":2,"17":1,"18":1,"19":1,"20":3,"21":2,"22":2,"23":1,"24":1,"25":3,"26":2,"27":2,"28":1,"29":1,"30":3},"f":{"0":2,"1":4,"2":2,"3":2,"4":2},"b":{"0":[2,1]},"_coverageSchema":"1a1c01bbd47fc00a2c39e90264f33305004495a9","hash":"55d0d4360e777b2722fba920f4fbc6942042fe35"}
,"F:\\nodejs projects\\project demo\\models\\user.model.js": {"path":"F:\\nodejs projects\\project demo\\models\\user.model.js","statementMap":{"0":{"start":{"line":1,"column":17},"end":{"line":1,"column":36}},"1":{"start":{"line":3,"column":15},"end":{"line":3,"column":30}},"2":{"start":{"line":6,"column":19},"end":{"line":36,"column":1}},"3":{"start":{"line":38,"column":0},"end":{"line":38,"column":52}}},"fnMap":{},"branchMap":{},"s":{"0":3,"1":3,"2":3,"3":3},"f":{},"b":{},"_coverageSchema":"1a1c01bbd47fc00a2c39e90264f33305004495a9","hash":"73dc1272c756dfb3bbaceb85f541ffe03a57c701"}
,"F:\\nodejs projects\\project demo\\public\\analyzer.js": {"path":"F:\\nodejs projects\\project demo\\public\\analyzer.js","statementMap":{"0":{"start":{"line":2,"column":4},"end":{"line":2,"column":77}},"1":{"start":{"line":2,"column":35},"end":{"line":2,"column":77}},"2":{"start":{"line":4,"column":20},"end":{"line":4,"column":32}},"3":{"start":{"line":5,"column":20},"end":{"line":5,"column":40}},"4":{"start":{"line":7,"column":4},"end":{"line":12,"column":6}},"5":{"start":{"line":15,"column":1},"end":{"line":15,"column":27}}},"fnMap":{"0":{"name":"analyzeText","decl":{"start":{"line":1,"column":9},"end":{"line":1,"column":20}},"loc":{"start":{"line":1,"column":28},"end":{"line":13,"column":3}},"line":1}},"branchMap":{"0":{"loc":{"start":{"line":2,"column":4},"end":{"line":2,"column":77}},"type":"if","locations":[{"start":{"line":2,"column":4},"end":{"line":2,"column":77}},{"start":{},"end":{}}],"line":2},"1":{"loc":{"start":{"line":11,"column":13},"end":{"line":11,"column":48}},"type":"cond-expr","locations":[{"start":{"line":11,"column":23},"end":{"line":11,"column":43}},{"start":{"line":11,"column":46},"end":{"line":11,"column":48}}],"line":11}},"s":{"0":12,"1":1,"2":11,"3":11,"4":11,"5":1},"f":{"0":12},"b":{"0":[1,11],"1":[9,2]},"_coverageSchema":"1a1c01bbd47fc00a2c39e90264f33305004495a9","hash":"c5bc6938d2fcaecdeab51057f5724a37a4f21a07"}
,"F:\\nodejs projects\\project demo\\routes\\user.route.js": {"path":"F:\\nodejs projects\\project demo\\routes\\user.route.js","statementMap":{"0":{"start":{"line":1,"column":14},"end":{"line":1,"column":32}},"1":{"start":{"line":2,"column":15},"end":{"line":2,"column":31}},"2":{"start":{"line":9,"column":2},"end":{"line":9,"column":43}},"3":{"start":{"line":11,"column":0},"end":{"line":11,"column":25}},"4":{"start":{"line":12,"column":0},"end":{"line":12,"column":27}},"5":{"start":{"line":13,"column":0},"end":{"line":13,"column":28}},"6":{"start":{"line":14,"column":0},"end":{"line":14,"column":32}},"7":{"start":{"line":15,"column":0},"end":{"line":15,"column":33}},"8":{"start":{"line":17,"column":0},"end":{"line":17,"column":21}}},"fnMap":{},"branchMap":{},"s":{"0":3,"1":3,"2":3,"3":3,"4":3,"5":3,"6":3,"7":3,"8":3},"f":{},"b":{},"_coverageSchema":"1a1c01bbd47fc00a2c39e90264f33305004495a9","hash":"82cd82db5a453cbe22eba3e7feb57c0dafe14555"}
}
