TN:
SF:index.js
FN:43,(anonymous_0)
FN:70,(anonymous_1)
FN:87,(anonymous_2)
FN:100,(anonymous_3)
FN:115,(anonymous_4)
FN:126,(anonymous_5)
FN:135,(anonymous_6)
FN:144,(anonymous_7)
FN:160,(anonymous_8)
FN:175,(anonymous_9)
FN:186,(anonymous_10)
FN:205,(anonymous_11)
FN:209,(anonymous_12)
FN:213,(anonymous_13)
FN:217,(anonymous_14)
FN:224,(anonymous_15)
FN:228,(anonymous_16)
FN:272,(anonymous_17)
FN:323,(anonymous_18)
FNF:19
FNH:15
FNDA:23,(anonymous_0)
FNDA:3,(anonymous_1)
FNDA:3,(anonymous_2)
FNDA:3,(anonymous_3)
FNDA:3,(anonymous_4)
FNDA:3,(anonymous_5)
FNDA:3,(anonymous_6)
FNDA:8,(anonymous_7)
FNDA:0,(anonymous_8)
FNDA:23,(anonymous_9)
FNDA:22,(anonymous_10)
FNDA:1,(anonymous_11)
FNDA:1,(anonymous_12)
FNDA:1,(anonymous_13)
FNDA:0,(anonymous_14)
FNDA:0,(anonymous_15)
FNDA:4,(anonymous_16)
FNDA:3,(anonymous_17)
FNDA:0,(anonymous_18)
DA:1,3
DA:2,3
DA:3,3
DA:4,3
DA:5,3
DA:6,3
DA:7,3
DA:8,3
DA:9,3
DA:10,3
DA:11,3
DA:12,3
DA:15,3
DA:43,3
DA:44,23
DA:45,23
DA:46,23
DA:47,23
DA:48,23
DA:51,3
DA:52,3
DA:53,3
DA:54,3
DA:57,3
DA:66,3
DA:71,3
DA:72,3
DA:73,0
DA:76,3
DA:78,0
DA:80,3
DA:88,3
DA:89,2
DA:91,1
DA:101,3
DA:104,0
DA:106,3
DA:116,3
DA:119,0
DA:121,3
DA:127,3
DA:128,0
DA:130,3
DA:136,3
DA:137,0
DA:139,3
DA:144,3
DA:146,8
DA:147,1
DA:150,7
DA:152,7
DA:161,0
DA:168,0
DA:175,3
DA:176,23
DA:177,23
DA:178,39
DA:179,1
DA:182,22
DA:186,3
DA:187,22
DA:188,22
DA:189,38
DA:193,0
DA:196,22
DA:200,3
DA:201,3
DA:203,3
DA:205,3
DA:206,1
DA:209,3
DA:210,1
DA:213,3
DA:214,1
DA:215,1
DA:217,0
DA:218,0
DA:219,0
DA:220,0
DA:224,3
DA:225,0
DA:228,3
DA:229,4
DA:232,4
DA:233,0
DA:236,4
DA:237,4
DA:239,4
DA:240,1
DA:243,3
DA:244,3
DA:246,3
DA:247,1
DA:250,2
DA:251,2
DA:252,2
DA:255,0
DA:261,0
DA:266,0
DA:268,0
DA:272,3
DA:273,3
DA:274,3
DA:275,3
DA:278,0
DA:279,0
DA:282,0
DA:283,0
DA:287,0
DA:288,0
DA:289,0
DA:293,0
DA:294,0
DA:295,0
DA:298,0
DA:299,0
DA:301,0
DA:304,0
DA:311,0
DA:316,0
DA:318,0
DA:323,3
DA:324,0
DA:325,0
DA:328,3
DA:329,3
LF:126
LH:88
BRDA:72,0,0,0
BRDA:72,0,1,3
BRDA:76,1,0,0
BRDA:76,1,1,3
BRDA:76,2,0,3
BRDA:76,2,1,3
BRDA:76,2,2,3
BRDA:76,2,3,3
BRDA:76,2,4,3
BRDA:76,2,5,3
BRDA:88,3,0,2
BRDA:88,3,1,1
BRDA:88,4,0,3
BRDA:88,4,1,1
BRDA:88,4,2,1
BRDA:101,5,0,0
BRDA:101,5,1,3
BRDA:101,6,0,3
BRDA:101,6,1,3
BRDA:101,6,2,3
BRDA:101,6,3,3
BRDA:101,6,4,3
BRDA:101,6,5,3
BRDA:116,7,0,0
BRDA:116,7,1,3
BRDA:116,8,0,3
BRDA:116,8,1,3
BRDA:116,8,2,3
BRDA:116,8,3,3
BRDA:116,8,4,3
BRDA:116,8,5,3
BRDA:127,9,0,0
BRDA:127,9,1,3
BRDA:127,10,0,3
BRDA:127,10,1,3
BRDA:127,10,2,3
BRDA:127,10,3,3
BRDA:136,11,0,0
BRDA:136,11,1,3
BRDA:136,12,0,3
BRDA:136,12,1,0
BRDA:146,13,0,1
BRDA:146,13,1,7
BRDA:146,14,0,8
BRDA:146,14,1,8
BRDA:146,14,2,8
BRDA:178,15,0,1
BRDA:178,15,1,38
BRDA:178,16,0,39
BRDA:178,16,1,1
BRDA:189,17,0,0
BRDA:189,17,1,38
BRDA:189,18,0,38
BRDA:189,18,1,38
BRDA:189,18,2,38
BRDA:189,18,3,38
BRDA:215,19,0,1
BRDA:215,19,1,0
BRDA:218,20,0,0
BRDA:218,20,1,0
BRDA:232,21,0,0
BRDA:232,21,1,4
BRDA:232,22,0,4
BRDA:232,22,1,4
BRDA:239,23,0,1
BRDA:239,23,1,3
BRDA:239,24,0,4
BRDA:239,24,1,3
BRDA:246,25,0,1
BRDA:246,25,1,2
BRDA:251,26,0,2
BRDA:251,26,1,0
BRDA:274,27,0,3
BRDA:274,27,1,0
BRDA:282,28,0,0
BRDA:282,28,1,0
BRDA:288,29,0,0
BRDA:288,29,1,0
BRF:78
BRH:60
end_of_record
TN:
SF:controllers\user.controller.js
FN:3,(anonymous_0)
FN:12,(anonymous_1)
FN:26,(anonymous_2)
FN:37,(anonymous_3)
FN:49,(anonymous_4)
FNF:5
FNH:5
FNDA:2,(anonymous_0)
FNDA:4,(anonymous_1)
FNDA:2,(anonymous_2)
FNDA:2,(anonymous_3)
FNDA:2,(anonymous_4)
DA:1,3
DA:3,3
DA:4,2
DA:5,2
DA:6,1
DA:8,1
DA:12,3
DA:13,4
DA:15,4
DA:16,3
DA:17,2
DA:19,1
DA:20,1
DA:22,1
DA:26,3
DA:27,2
DA:28,2
DA:29,1
DA:30,1
DA:32,1
DA:37,3
DA:38,2
DA:39,2
DA:42,1
DA:44,1
DA:49,3
DA:50,2
DA:51,2
DA:52,1
DA:54,1
DA:58,3
LF:31
LH:31
BRDA:16,0,0,2
BRDA:16,0,1,1
BRF:2
BRH:2
end_of_record
TN:
SF:models\user.model.js
FNF:0
FNH:0
DA:1,3
DA:3,3
DA:6,3
DA:38,3
LF:4
LH:4
BRF:0
BRH:0
end_of_record
TN:
SF:public\analyzer.js
FN:1,analyzeText
FNF:1
FNH:1
FNDA:12,analyzeText
DA:2,12
DA:4,11
DA:5,11
DA:7,11
DA:15,1
LF:5
LH:5
BRDA:2,0,0,1
BRDA:2,0,1,11
BRDA:11,1,0,9
BRDA:11,1,1,2
BRF:4
BRH:4
end_of_record
TN:
SF:routes\user.route.js
FNF:0
FNH:0
DA:1,3
DA:2,3
DA:9,3
DA:11,3
DA:12,3
DA:13,3
DA:14,3
DA:15,3
DA:17,3
LF:9
LH:9
BRF:0
BRH:0
end_of_record
